<?xml version="1.0" encoding="UTF-8"?>
<!-- Generated by org.testng.reporters.JUnitReportReporter -->
<testsuite hostname="EC2AMAZ-S11DBRH" failures="0" tests="2" name="NEWPAACKONE.NewTest" time="8.331" errors="0" timestamp="2024-04-29T05:20:37 GMT" skipped="0">
  <testcase classname="NEWPAACKONE.NewTest" name="f" time="4.373"/>
  <system-out/>
  <testcase classname="NEWPAACKONE.NewTest" name="j" time="3.958"/>
  <system-out/>
</testsuite> <!-- NEWPAACKONE.NewTest -->
