<?xml version="1.0" encoding="UTF-8"?>
<!-- Generated by org.testng.reporters.JUnitReportReporter -->
<testsuite hostname="EC2AMAZ-S11DBRH" failures="0" tests="1" name="NEWPAACKONE.NewTest" time="4.297" errors="0" timestamp="2024-04-25T07:14:12 GMT" skipped="0">
  <testcase classname="NEWPAACKONE.NewTest" name="f" time="4.297"/>
  <system-out/>
</testsuite> <!-- NEWPAACKONE.NewTest -->
