<?xml version="1.0" encoding="UTF-8"?>
<!-- Generated by org.testng.reporters.JUnitReportReporter -->
<testsuite hostname="EC2AMAZ-S11DBRH" failures="0" tests="10" name="paralleexe.sampleone" time="0.095" errors="0" timestamp="2024-04-29T04:46:18 GMT" skipped="0">
  <testcase classname="paralleexe.sampleone" name="f" time="0.006"/>
  <system-out/>
  <testcase classname="paralleexe.sampleone" name="f" time="0.024"/>
  <system-out/>
  <testcase classname="paralleexe.sampleone" name="f" time="0.006"/>
  <system-out/>
  <testcase classname="paralleexe.sampleone" name="f" time="0.005"/>
  <system-out/>
  <testcase classname="paralleexe.sampleone" name="f" time="0.004"/>
  <system-out/>
  <testcase classname="paralleexe.sampleone" name="f" time="0.008"/>
  <system-out/>
  <testcase classname="paralleexe.sampleone" name="f" time="0.005"/>
  <system-out/>
  <testcase classname="paralleexe.sampleone" name="f" time="0.024"/>
  <system-out/>
  <testcase classname="paralleexe.sampleone" name="f" time="0.002"/>
  <system-out/>
  <testcase classname="paralleexe.sampleone" name="f" time="0.011"/>
  <system-out/>
</testsuite> <!-- paralleexe.sampleone -->
